[34mPage 2 contests = 100[39m
[34mPage 5 contests = 99[39m
[34mPage 4 contests = 100[39m
[32m1/299 http://www.codeforces.com/contest/397[39m
[32m2/299 http://www.codeforces.com/contest/402[39m
[31mhttp://www.codeforces.com/contest/392[39m [ { [Error: socket hang up] code: 'ECONNRESET' } ]
Retrying...
[32m3/299 http://www.codeforces.com/contest/394[39m
[31mhttp://www.codeforces.com/contest/388[39m [ { [Error: socket hang up] code: 'ECONNRESET' } ]
Retrying...
[32m4/299 http://www.codeforces.com/contest/396[39m
[32m5/299 http://www.codeforces.com/contest/400[39m
[31mhttp://www.codeforces.com/contest/391[39m [ { [Error: socket hang up] code: 'ECONNRESET' } ]
Retrying...
[31mhttp://www.codeforces.com/contest/399[39m [ { [Error: connect ETIMEDOUT] code: 'ETIMEDOUT', errno: 'ETIMEDOUT', syscall: 'connect' } ]
Retrying...
[31mhttp://www.codeforces.com/contest/401[39m [ { [Error: connect ETIMEDOUT] code: 'ETIMEDOUT', errno: 'ETIMEDOUT', syscall: 'connect' } ]
Retrying...
[34mPage 3 contests = 100[39m
[34mPage 4 contests = 100[39m
[34mPage 5 contests = 100[39m
[34mPage 2 contests = 100[39m
[34mPage 1 contests = 100[39m
[32m1/500 http://www.codeforces.com/contest/302[39m
[32m2/500 http://www.codeforces.com/contest/293[39m
[32m3/500 http://www.codeforces.com/contest/299[39m
[32m4/500 http://www.codeforces.com/contest/297[39m
[32m5/500 http://www.codeforces.com/contest/298[39m
[31mhttp://www.codeforces.com/contest/291[39m [ { [Error: socket hang up] code: 'ECONNRESET' } ]
Retrying...
[31mhttp://www.codeforces.com/contest/295[39m [ { [Error: socket hang up] code: 'ECONNRESET' } ]
Retrying...
[32m6/500 http://www.codeforces.com/contest/300[39m
[32m7/500 http://www.codeforces.com/contest/292[39m
[31mhttp://www.codeforces.com/contest/285[39m [ { [Error: socket hang up] code: 'ECONNRESET' } ]
Retrying...
[32m8/500 http://www.codeforces.com/contest/296[39m
[32m9/500 http://www.codeforces.com/contest/301[39m
[31mhttp://www.codeforces.com/contest/283[39m [ { [Error: socket hang up] code: 'ECONNRESET' } ]
Retrying...
[32m10/500 http://www.codeforces.com/contest/294[39m
[32m11/500 http://www.codeforces.com/contest/288[39m
[31mhttp://www.codeforces.com/contest/286[39m [ { [Error: socket hang up] code: 'ECONNRESET' } ]
Retrying...
[32m12/500 http://www.codeforces.com/contest/289[39m
[31mhttp://www.codeforces.com/contest/280[39m [ { [Error: socket hang up] code: 'ECONNRESET' } ]
Retrying...
[32m13/500 http://www.codeforces.com/contest/282[39m
[31mhttp://www.codeforces.com/contest/281[39m [ { [Error: socket hang up] code: 'ECONNRESET' } ]
Retrying...
[32m14/500 http://www.codeforces.com/contest/287[39m
[31mhttp://www.codeforces.com/contest/277[39m [ { [Error: socket hang up] code: 'ECONNRESET' } ]
Retrying...
[32m15/500 http://www.codeforces.com/contest/290[39m
[32m16/500 http://www.codeforces.com/contest/275[39m
[32m17/500 http://www.codeforces.com/contest/279[39m
[32m18/500 http://www.codeforces.com/contest/276[39m
[32m19/500 http://www.codeforces.com/contest/274[39m
[32m20/500 http://www.codeforces.com/contest/273[39m
[32m21/500 http://www.codeforces.com/contest/272[39m
[32m22/500 http://www.codeforces.com/contest/271[39m
[32m23/500 http://www.codeforces.com/contest/278[39m
[31mhttp://www.codeforces.com/contest/265[39m [ { [Error: socket hang up] code: 'ECONNRESET' } ]
Retrying...
[32m24/500 http://www.codeforces.com/contest/268[39m
[31mhttp://www.codeforces.com/contest/264[39m [ { [Error: socket hang up] code: 'ECONNRESET' } ]
Retrying...
[32m25/500 http://www.codeforces.com/contest/270[39m
[31mhttp://www.codeforces.com/contest/261[39m [ { [Error: socket hang up] code: 'ECONNRESET' } ]
Retrying...
[32m26/500 http://www.codeforces.com/contest/269[39m
[31mhttp://www.codeforces.com/contest/267[39m [ { [Error: socket hang up] code: 'ECONNRESET' } ]
Retrying...
[32m27/500 http://www.codeforces.com/contest/266[39m
[32m28/500 http://www.codeforces.com/contest/263[39m
[32m29/500 http://www.codeforces.com/contest/260[39m
[32m30/500 http://www.codeforces.com/contest/259[39m
[31mhttp://www.codeforces.com/contest/255[39m [ { [Error: socket hang up] code: 'ECONNRESET' } ]
Retrying...
[32m31/500 http://www.codeforces.com/contest/254[39m
[32m32/500 http://www.codeforces.com/contest/251[39m
[32m33/500 http://www.codeforces.com/contest/253[39m
[32m34/500 http://www.codeforces.com/contest/252[39m
[32m35/500 http://www.codeforces.com/contest/248[39m
[32m36/500 http://www.codeforces.com/contest/256[39m
[31mhttp://www.codeforces.com/contest/250[39m [ { [Error: socket hang up] code: 'ECONNRESET' } ]
Retrying...
[32m37/500 http://www.codeforces.com/contest/247[39m
[32m38/500 http://www.codeforces.com/contest/249[39m
[32m39/500 http://www.codeforces.com/contest/246[39m
[32m40/500 http://www.codeforces.com/contest/245[39m
[32m41/500 http://www.codeforces.com/contest/244[39m
[32m42/500 http://www.codeforces.com/contest/242[39m
[32m43/500 http://www.codeforces.com/contest/243[39m
[32m44/500 http://www.codeforces.com/contest/262[39m
[31mhttp://www.codeforces.com/contest/235[39m [ { [Error: socket hang up] code: 'ECONNRESET' } ]
Retrying...
[32m45/500 http://www.codeforces.com/contest/241[39m
[32m46/500 http://www.codeforces.com/contest/238[39m
[32m47/500 http://www.codeforces.com/contest/237[39m
[32m48/500 http://www.codeforces.com/contest/239[39m
[32m49/500 http://www.codeforces.com/contest/240[39m
[32m50/500 http://www.codeforces.com/contest/236[39m
[32m51/500 http://www.codeforces.com/contest/234[39m
[32m52/500 http://www.codeforces.com/contest/232[39m
[32m53/500 http://www.codeforces.com/contest/233[39m
[32m54/500 http://www.codeforces.com/contest/228[39m
[31mhttp://www.codeforces.com/contest/230[39m [ { [Error: socket hang up] code: 'ECONNRESET' } ]
Retrying...
[32m55/500 http://www.codeforces.com/contest/229[39m
[32m56/500 http://www.codeforces.com/contest/227[39m
[32m57/500 http://www.codeforces.com/contest/226[39m
[32m58/500 http://www.codeforces.com/contest/225[39m
[31mhttp://www.codeforces.com/contest/220[39m [ { [Error: socket hang up] code: 'ECONNRESET' } ]
Retrying...
[32m59/500 http://www.codeforces.com/contest/224[39m
[32m60/500 http://www.codeforces.com/contest/223[39m
[32m61/500 http://www.codeforces.com/contest/217[39m
[32m62/500 http://www.codeforces.com/contest/221[39m
[32m63/500 http://www.codeforces.com/contest/218[39m
[32m64/500 http://www.codeforces.com/contest/222[39m
[32m65/500 http://www.codeforces.com/contest/215[39m
[32m66/500 http://www.codeforces.com/contest/216[39m
[32m67/500 http://www.codeforces.com/contest/213[39m
[31mhttp://www.codeforces.com/contest/231[39m [ { [Error: socket hang up] code: 'ECONNRESET' } ]
Retrying...
Last known contest =  514
[34mPage 3 contests = 0[39m
[32mPage 3 contests = 0[39m
[33mGot 0 contests from page 3[39m
[34mPage 4 contests = 0[39m
[32mPage 4 contests = 0[39m
[33mGot 0 contests from page 4[39m
[34mPage 1 contests = 0[39m
[32mPage 1 contests = 0[39m
[33mGot 0 contests from page 1[39m
[34mPage 5 contests = 0[39m
[32mPage 5 contests = 0[39m
[33mGot 0 contests from page 5[39m
[34mPage 2 contests = 0[39m
[32mPage 2 contests = 0[39m
[33mGot 0 contests from page 2[39m
Got data for all pages []
Updated new last contest to /home/nitin/projects/scrapper_codeforces/data/2codeforces_data_5_lastcontest.json
Done!
JSON written to /home/nitin/projects/scrapper_codeforces/data/2codeforces_data_5.json
Done!
Last known contest =  514
[34mPage 3 contests = 0[39m
[32mPage 3 contests = 0[39m
[33mGot 0 contests from page 3[39m
[34mPage 1 contests = 0[39m
[32mPage 1 contests = 0[39m
[33mGot 0 contests from page 1[39m
[34mPage 2 contests = 0[39m
[32mPage 2 contests = 0[39m
[33mGot 0 contests from page 2[39m
[34mPage 5 contests = 0[39m
[32mPage 5 contests = 0[39m
[33mGot 0 contests from page 5[39m
{ [Error: ENOENT, open 'data/2codeforces_data_5_lastcontest.json']
  errno: 34,
  code: 'ENOENT',
  path: 'data/2codeforces_data_5_lastcontest.json' }
